<?xml version="1.0" encoding="UTF-8"?>
<!-- Generated by org.testng.reporters.JUnitReportReporter -->
<testsuite hostname="DESKTOP-K1TGO4F" failures="0" tests="4" name="vatServiceTest" time="0.522" errors="0" timestamp="2020-07-28T17:12:04 CEST" skipped="0">
  <testcase classname="vatServiceTest" name="shouldThrowExceptionWhenVATisLowerThanZERO" time="0.002"/>
  <system-out/>
  <testcase classname="vatServiceTest" name="shouldThrowExceptionWhenVATisEqualOrBiggerThanONE" time="0.005"/>
  <system-out/>
  <testcase classname="vatServiceTest" name="shouldReturnGrossPrice4GivenVat" time="0.513"/>
  <system-out/>
  <testcase classname="vatServiceTest" name="shouldReturnGrossPriceWithDefaultVat" time="0.002"/>
  <system-out/>
</testsuite> <!-- vatServiceTest -->
